d:\onedrive\glovevr\glovedriverdll\glovedriverdll\driver_glove.pch
d:\onedrive\glovevr\glovedriverdll\glovedriverdll\vc142.pdb
d:\onedrive\glovevr\glovedriverdll\glovedriverdll\pch.obj
d:\onedrive\glovevr\glovedriverdll\glovedriverdll\driverfactory.obj
d:\onedrive\glovevr\glovedriverdll\glovedriverdll\dummycontroller.obj
d:\onedrive\glovevr\glovedriverdll\glovedriverdll\dllmain.obj
d:\onedrive\glovevr\glovedriverdll\glovedriverdll\serverdriver.obj
d:\onedrive\glovevr\glovedriverdll\glovedriverdll\glove\bin\win64\driver_glove.lib
d:\onedrive\glovevr\glovedriverdll\glovedriverdll\glove\bin\win64\driver_glove.exp
d:\onedrive\glovevr\glovedriverdll\glovedriverdll\glove\bin\win64\driver_glove.ipdb
d:\onedrive\glovevr\glovedriverdll\glovedriverdll\glove\bin\win64\driver_glove.iobj
d:\onedrive\glovevr\glovedriverdll\glovedriverdll\glove\bin\win64\driver_glove.dll
d:\onedrive\glovevr\glovedriverdll\glovedriverdll\glove\bin\win64\driver_glove.pdb
d:\onedrive\glovevr\glovedriverdll\glovedriverdll\glovedriverdll.tlog\cl.command.1.tlog
d:\onedrive\glovevr\glovedriverdll\glovedriverdll\glovedriverdll.tlog\cl.read.1.tlog
d:\onedrive\glovevr\glovedriverdll\glovedriverdll\glovedriverdll.tlog\cl.write.1.tlog
d:\onedrive\glovevr\glovedriverdll\glovedriverdll\glovedriverdll.tlog\glovedriverdll.write.1u.tlog
d:\onedrive\glovevr\glovedriverdll\glovedriverdll\glovedriverdll.tlog\link.command.1.tlog
d:\onedrive\glovevr\glovedriverdll\glovedriverdll\glovedriverdll.tlog\link.delete.1.tlog
d:\onedrive\glovevr\glovedriverdll\glovedriverdll\glovedriverdll.tlog\link.read.1.tlog
d:\onedrive\glovevr\glovedriverdll\glovedriverdll\glovedriverdll.tlog\link.write.1.tlog
d:\onedrive\glovevr\glovedriverdll\glovedriverdll\í%\..\glove\bin\win64\driver_glove.dll
