  bones.cpp
  driverlog.cpp
  glove.cpp
D:\GloveVRController\Driver\GloveDriverDLL\glove.cpp(4,1): error C2059: 구문 오류: '<<'
C:\Program Files (x86)\Microsoft Visual Studio\2019\Community\VC\Tools\MSVC\14.24.28314\include\excpt.h(14,1): error C2143: 구문 오류: ';'이(가) '{' 앞에 없습니다.
C:\Program Files (x86)\Microsoft Visual Studio\2019\Community\VC\Tools\MSVC\14.24.28314\include\excpt.h(14,1): error C2447: '{': 함수 헤더가 없습니다. 이전 스타일의 형식 목록입니까?
C:\Program Files (x86)\Windows Kits\10\Include\10.0.18362.0\um\winnt.h(1401,1): error C2143: 구문 오류: ';'이(가) '__cdecl' 앞에 없습니다.
C:\Program Files (x86)\Windows Kits\10\Include\10.0.18362.0\um\winnt.h(1401,1): error C4430: 형식 지정자가 없습니다. int로 가정합니다. 참고: C++에서는 기본 int를 지원하지 않습니다.
C:\Program Files (x86)\Windows Kits\10\Include\10.0.18362.0\um\winnt.h(1406,6): error C4430: 형식 지정자가 없습니다. int로 가정합니다. 참고: C++에서는 기본 int를 지원하지 않습니다.
C:\Program Files (x86)\Windows Kits\10\Include\10.0.18362.0\um\winnt.h(1409,27): error C2143: 구문 오류: ';'이(가) '*' 앞에 없습니다.
C:\Program Files (x86)\Windows Kits\10\Include\10.0.18362.0\um\winnt.h(1409,27): error C4430: 형식 지정자가 없습니다. int로 가정합니다. 참고: C++에서는 기본 int를 지원하지 않습니다.
C:\Program Files (x86)\Windows Kits\10\Include\10.0.18362.0\um\winnt.h(1409,9): error C2365: 'EXCEPTION_ROUTINE': 재정의: 이전 정의는 '함수'입니다.
C:\Program Files (x86)\Windows Kits\10\Include\10.0.18362.0\um\winnt.h(1402): message : 'EXCEPTION_ROUTINE' 선언을 참조하십시오.
C:\Program Files (x86)\Windows Kits\10\Include\10.0.18362.0\um\winnt.h(1409,46): error C4430: 형식 지정자가 없습니다. int로 가정합니다. 참고: C++에서는 기본 int를 지원하지 않습니다.
C:\Program Files (x86)\Windows Kits\10\Include\10.0.18362.0\um\winnt.h(4086,39): error C3646: 'LanguageHandler': 알 수 없는 재정의 지정자입니다.
C:\Program Files (x86)\Windows Kits\10\Include\10.0.18362.0\um\winnt.h(4086,39): error C4430: 형식 지정자가 없습니다. int로 가정합니다. 참고: C++에서는 기본 int를 지원하지 않습니다.
C:\Program Files (x86)\Windows Kits\10\Include\10.0.18362.0\um\winnt.h(11433,31): error C3646: 'Handler': 알 수 없는 재정의 지정자입니다.
C:\Program Files (x86)\Windows Kits\10\Include\10.0.18362.0\um\winnt.h(11433,31): error C4430: 형식 지정자가 없습니다. int로 가정합니다. 참고: C++에서는 기본 int를 지원하지 않습니다.
C:\Program Files (x86)\Windows Kits\10\Include\10.0.18362.0\um\winnt.h(19247,1): error C2143: 구문 오류: ';'이(가) '__cdecl' 앞에 없습니다.
C:\Program Files (x86)\Windows Kits\10\Include\10.0.18362.0\um\winnt.h(19247,1): error C4430: 형식 지정자가 없습니다. int로 가정합니다. 참고: C++에서는 기본 int를 지원하지 않습니다.
C:\Program Files (x86)\Windows Kits\10\Include\10.0.18362.0\um\winnt.h(19246,1): error C2040: 'PEXCEPTION_ROUTINE': 'int'의 간접 참조 수준이 'int *'과(와) 다릅니다.
C:\Program Files (x86)\Windows Kits\10\Include\10.0.18362.0\um\winnt.h(19256,6): error C4430: 형식 지정자가 없습니다. int로 가정합니다. 참고: C++에서는 기본 int를 지원하지 않습니다.
D:\GloveVRController\Driver\GloveDriverDLL\glove.cpp(7,1): error C2059: 구문 오류: '>>'
C:\Program Files (x86)\Microsoft Visual Studio\2019\Community\VC\Tools\MSVC\14.24.28314\include\ratio(21,1): error C2143: 구문 오류: ';'이(가) '{' 앞에 없습니다.
C:\Program Files (x86)\Microsoft Visual Studio\2019\Community\VC\Tools\MSVC\14.24.28314\include\ratio(21,1): error C2447: '{': 함수 헤더가 없습니다. 이전 스타일의 형식 목록입니까?
C:\Program Files (x86)\Microsoft Visual Studio\2019\Community\VC\Tools\MSVC\14.24.28314\include\chrono(72,43): error C2760: 구문 오류: ','을(는) 예기치 않은 토큰입니다. 필요한 토큰은 '식'입니다.
C:\Program Files (x86)\Microsoft Visual Studio\2019\Community\VC\Tools\MSVC\14.24.28314\include\chrono(171): message : 컴파일되는 클래스 템플릿 인스턴스화 'std::chrono::duration<_Rep,_Period>'에 대한 참조를 확인하세요.
C:\Program Files (x86)\Microsoft Visual Studio\2019\Community\VC\Tools\MSVC\14.24.28314\include\chrono(223,42): error C3861: '_Gcd': 식별자를 찾을 수 없습니다.
C:\Program Files (x86)\Microsoft Visual Studio\2019\Community\VC\Tools\MSVC\14.24.28314\include\chrono(224): message : 컴파일되는 클래스 템플릿 인스턴스화 'std::_Lcm<_Ax,_Bx>'에 대한 참조를 확인하세요.
C:\Program Files (x86)\Microsoft Visual Studio\2019\Community\VC\Tools\MSVC\14.24.28314\include\chrono(223,42): error C2065: '_Gcd': 선언되지 않은 식별자입니다.
C:\Program Files (x86)\Microsoft Visual Studio\2019\Community\VC\Tools\MSVC\14.24.28314\include\chrono(223,58): error C2039: 'value': '`global namespace''의 멤버가 아닙니다.
C:\Program Files (x86)\Microsoft Visual Studio\2019\Community\VC\Tools\MSVC\14.24.28314\include\chrono(223,2): error C2065: 'value': 선언되지 않은 식별자입니다.
C:\Program Files (x86)\Microsoft Visual Studio\2019\Community\VC\Tools\MSVC\14.24.28314\include\chrono(231,9): error C2065: 'ratio': 선언되지 않은 식별자입니다.
C:\Program Files (x86)\Microsoft Visual Studio\2019\Community\VC\Tools\MSVC\14.24.28314\include\chrono(232): message : 컴파일되는 클래스 템플릿 인스턴스화 'std::common_type<std::chrono::duration<_Rep,_Period>,std::chrono::duration<_Rep2,_Period2>>'에 대한 참조를 확인하세요.
C:\Program Files (x86)\Microsoft Visual Studio\2019\Community\VC\Tools\MSVC\14.24.28314\include\chrono(231,15): error C2065: '_Gcd': 선언되지 않은 식별자입니다.
C:\Program Files (x86)\Microsoft Visual Studio\2019\Community\VC\Tools\MSVC\14.24.28314\include\chrono(231,1): error C2977: 'std::chrono::duration': 템플릿 인수가 너무 많습니다.
C:\Program Files (x86)\Microsoft Visual Studio\2019\Community\VC\Tools\MSVC\14.24.28314\include\chrono(66): message : 'std::chrono::duration' 선언을 참조하십시오.
C:\Program Files (x86)\Microsoft Visual Studio\2019\Community\VC\Tools\MSVC\14.24.28314\include\chrono(231,1): warning C4346: 'std::chrono::duration::value': 종속 이름이 형식이 아닙니다.
C:\Program Files (x86)\Microsoft Visual Studio\2019\Community\VC\Tools\MSVC\14.24.28314\include\chrono(231,1): message : 'typename'을 접두사로 사용하여 형식을 나타냅니다.
C:\Program Files (x86)\Microsoft Visual Studio\2019\Community\VC\Tools\MSVC\14.24.28314\include\chrono(231,1): error C2061: 구문 오류: 식별자 'value'
C:\Program Files (x86)\Microsoft Visual Studio\2019\Community\VC\Tools\MSVC\14.24.28314\include\chrono(379,21): error C2760: 구문 오류: '식별자'을(는) 예기치 않은 토큰입니다. 필요한 토큰은 '형식 지정자'입니다.
C:\Program Files (x86)\Microsoft Visual Studio\2019\Community\VC\Tools\MSVC\14.24.28314\include\chrono(379,21): message : 이 진단은 컴파일러 생성 함수 '_To std::chrono::duration_cast(const std::chrono::duration<_Rep,_Period> &) noexcept(<expr>)'에서 수행되었습니다.
C:\Program Files (x86)\Microsoft Visual Studio\2019\Community\VC\Tools\MSVC\14.24.28314\include\chrono(466,46): error C2065: 'nano': 선언되지 않은 식별자입니다.
C:\Program Files (x86)\Microsoft Visual Studio\2019\Community\VC\Tools\MSVC\14.24.28314\include\chrono(466,26): error C2923: 'std::chrono::duration': 'nano'은(는) '_Period' 매개 변수에 대한 올바른 템플릿 형식 인수가 아닙니다.
C:\Program Files (x86)\Microsoft Visual Studio\2019\Community\VC\Tools\MSVC\14.24.28314\include\chrono(467,46): error C2065: 'micro': 선언되지 않은 식별자입니다.
C:\Program Files (x86)\Microsoft Visual Studio\2019\Community\VC\Tools\MSVC\14.24.28314\include\chrono(467,26): error C2923: 'std::chrono::duration': 'micro'은(는) '_Period' 매개 변수에 대한 올바른 템플릿 형식 인수가 아닙니다.
C:\Program Files (x86)\Microsoft Visual Studio\2019\Community\VC\Tools\MSVC\14.24.28314\include\chrono(468,46): error C2065: 'milli': 선언되지 않은 식별자입니다.
C:\Program Files (x86)\Microsoft Visual Studio\2019\Community\VC\Tools\MSVC\14.24.28314\include\chrono(468,26): error C2923: 'std::chrono::duration': 'milli'은(는) '_Period' 매개 변수에 대한 올바른 템플릿 형식 인수가 아닙니다.
C:\Program Files (x86)\Microsoft Visual Studio\2019\Community\VC\Tools\MSVC\14.24.28314\include\chrono(54,43): error C2065: 'ratio': 선언되지 않은 식별자입니다.
C:\Program Files (x86)\Microsoft Visual Studio\2019\Community\VC\Tools\MSVC\14.24.28314\include\chrono(469,26): error C2974: 'std::chrono::duration': '_Period'의 템플릿 인수가 잘못되었습니다. 형식이 필요합니다.
C:\Program Files (x86)\Microsoft Visual Studio\2019\Community\VC\Tools\MSVC\14.24.28314\include\chrono(66): message : 'std::chrono::duration' 선언을 참조하십시오.
C:\Program Files (x86)\Microsoft Visual Studio\2019\Community\VC\Tools\MSVC\14.24.28314\include\chrono(470,40): error C2065: 'ratio': 선언되지 않은 식별자입니다.
C:\Program Files (x86)\Microsoft Visual Studio\2019\Community\VC\Tools\MSVC\14.24.28314\include\chrono(470,26): error C2974: 'std::chrono::duration': '_Period'의 템플릿 인수가 잘못되었습니다. 형식이 필요합니다.
C:\Program Files (x86)\Microsoft Visual Studio\2019\Community\VC\Tools\MSVC\14.24.28314\include\chrono(66): message : 'std::chrono::duration' 선언을 참조하십시오.
C:\Program Files (x86)\Microsoft Visual Studio\2019\Community\VC\Tools\MSVC\14.24.28314\include\chrono(470,48): error C2143: 구문 오류: ';'이(가) '>' 앞에 없습니다.
C:\Program Files (x86)\Microsoft Visual Studio\2019\Community\VC\Tools\MSVC\14.24.28314\include\chrono(470,48): error C2059: 구문 오류: '>'
C:\Program Files (x86)\Microsoft Visual Studio\2019\Community\VC\Tools\MSVC\14.24.28314\include\chrono(471,40): error C2065: 'ratio': 선언되지 않은 식별자입니다.
C:\Program Files (x86)\Microsoft Visual Studio\2019\Community\VC\Tools\MSVC\14.24.28314\include\chrono(471,26): error C2974: 'std::chrono::duration': '_Period'의 템플릿 인수가 잘못되었습니다. 형식이 필요합니다.
C:\Program Files (x86)\Microsoft Visual Studio\2019\Community\VC\Tools\MSVC\14.24.28314\include\chrono(66): message : 'std::chrono::duration' 선언을 참조하십시오.
C:\Program Files (x86)\Microsoft Visual Studio\2019\Community\VC\Tools\MSVC\14.24.28314\include\chrono(471,50): error C2143: 구문 오류: ';'이(가) '>' 앞에 없습니다.
C:\Program Files (x86)\Microsoft Visual Studio\2019\Community\VC\Tools\MSVC\14.24.28314\include\chrono(471,50): error C2059: 구문 오류: '>'
C:\Program Files (x86)\Microsoft Visual Studio\2019\Community\VC\Tools\MSVC\14.24.28314\include\chrono(584,38): error C2061: 구문 오류: 식별자 'ratio_multiply'
C:\Program Files (x86)\Microsoft Visual Studio\2019\Community\VC\Tools\MSVC\14.24.28314\include\chrono(586,65): error C2065: 'period': 선언되지 않은 식별자입니다.
C:\Program Files (x86)\Microsoft Visual Studio\2019\Community\VC\Tools\MSVC\14.24.28314\include\chrono(586,51): error C2923: 'std::chrono::duration': 'period'은(는) '_Period' 매개 변수에 대한 올바른 템플릿 형식 인수가 아닙니다.
C:\Program Files (x86)\Microsoft Visual Studio\2019\Community\VC\Tools\MSVC\14.24.28314\include\chrono(173,47): error C3203: 'duration': 특수화되지 않은 클래스 템플릿은(는) 템플릿 매개 변수 '_Duration'에 대한 템플릿 인수로 사용할 수 없습니다. 실제 형식이 필요합니다.
C:\Program Files (x86)\Microsoft Visual Studio\2019\Community\VC\Tools\MSVC\14.24.28314\include\chrono(178,1): error C2825: '_Duration': '::'가 뒤에 나오면 클래스 또는 네임스페이스여야 합니다.
C:\Program Files (x86)\Microsoft Visual Studio\2019\Community\VC\Tools\MSVC\14.24.28314\include\chrono(590): message : 컴파일되는 클래스 템플릿 인스턴스화 'std::chrono::time_point<std::chrono::system_clock,int>'에 대한 참조를 확인하세요.
C:\Program Files (x86)\Microsoft Visual Studio\2019\Community\VC\Tools\MSVC\14.24.28314\include\chrono(178,46): error C2510: '_Duration': '::' 왼쪽은 클래스/구조체/공용 구조체이어야 합니다.
C:\Program Files (x86)\Microsoft Visual Studio\2019\Community\VC\Tools\MSVC\14.24.28314\include\chrono(178,1): error C2061: 구문 오류: 식별자 'rep'
C:\Program Files (x86)\Microsoft Visual Studio\2019\Community\VC\Tools\MSVC\14.24.28314\include\chrono(179,1): error C2825: '_Duration': '::'가 뒤에 나오면 클래스 또는 네임스페이스여야 합니다.
C:\Program Files (x86)\Microsoft Visual Studio\2019\Community\VC\Tools\MSVC\14.24.28314\include\chrono(179,46): error C2510: '_Duration': '::' 왼쪽은 클래스/구조체/공용 구조체이어야 합니다.
C:\Program Files (x86)\Microsoft Visual Studio\2019\Community\VC\Tools\MSVC\14.24.28314\include\chrono(179,1): error C2061: 구문 오류: 식별자 'period'
C:\Program Files (x86)\Microsoft Visual Studio\2019\Community\VC\Tools\MSVC\14.24.28314\include\chrono(181,1): error C2338: duration must be an instance of std::duration
C:\Program Files (x86)\Microsoft Visual Studio\2019\Community\VC\Tools\MSVC\14.24.28314\include\chrono(591,39): error C2641: 'std::chrono::duration'의 템플릿 인수를 추론할 수 없습니다.
C:\Program Files (x86)\Microsoft Visual Studio\2019\Community\VC\Tools\MSVC\14.24.28314\include\chrono(591,1): error C2783: 'std::chrono::duration<_Rep,_Period> std::chrono::duration(const _Rep2 &) noexcept(<expr>)': '_Rep'의 템플릿 인수를 추론할 수 없습니다.
C:\Program Files (x86)\Microsoft Visual Studio\2019\Community\VC\Tools\MSVC\14.24.28314\include\chrono(80): message : 'std::chrono::duration' 선언을 참조하십시오.
C:\Program Files (x86)\Microsoft Visual Studio\2019\Community\VC\Tools\MSVC\14.24.28314\include\chrono(591,1): error C2784: 'std::chrono::duration<_Rep,_Period> std::chrono::duration(const std::chrono::duration<_Rep2,_Period2> &) noexcept(<expr>)': 'const std::chrono::duration<_Rep2,_Period2> &'의 템플릿 인수를 '__int64'에서 추론할 수 없습니다.
C:\Program Files (x86)\Microsoft Visual Studio\2019\Community\VC\Tools\MSVC\14.24.28314\include\chrono(88): message : 'std::chrono::duration' 선언을 참조하십시오.
C:\Program Files (x86)\Microsoft Visual Studio\2019\Community\VC\Tools\MSVC\14.24.28314\include\chrono(591,1): error C2784: 'std::chrono::duration<_Rep,_Period> std::chrono::duration(const std::chrono::duration<_Rep2,_Period2> &) noexcept(<expr>)': 'const std::chrono::duration<_Rep2,_Period2> &'의 템플릿 인수를 '__int64'에서 추론할 수 없습니다.
C:\Program Files (x86)\Microsoft Visual Studio\2019\Community\VC\Tools\MSVC\14.24.28314\include\chrono(88): message : 'std::chrono::duration' 선언을 참조하십시오.
C:\Program Files (x86)\Microsoft Visual Studio\2019\Community\VC\Tools\MSVC\14.24.28314\include\chrono(591,1): error C2440: '<function-style-cast>': '__int64'에서 'std::chrono::system_clock::duration'(으)로 변환할 수 없습니다.
C:\Program Files (x86)\Microsoft Visual Studio\2019\Community\VC\Tools\MSVC\14.24.28314\include\chrono(591,1): message : 소스 형식을 가져올 수 있는 생성자가 없거나 생성자 오버로드 확인이 모호합니다.
C:\Program Files (x86)\Microsoft Visual Studio\2019\Community\VC\Tools\MSVC\14.24.28314\include\chrono(193,90): error C2065: 'rep': 선언되지 않은 식별자입니다.
C:\Program Files (x86)\Microsoft Visual Studio\2019\Community\VC\Tools\MSVC\14.24.28314\include\chrono(193,74): error C2923: 'std::is_arithmetic_v': 'rep'은(는) '_Ty' 매개 변수에 대한 올바른 템플릿 형식 인수가 아닙니다.
C:\Program Files (x86)\Microsoft Visual Studio\2019\Community\VC\Tools\MSVC\14.24.28314\include\chrono(193): error C2144: 구문 오류: unknown-type'은(는) ')' 다음에 와야 합니다.
C:\Program Files (x86)\Microsoft Visual Studio\2019\Community\VC\Tools\MSVC\14.24.28314\include\chrono(193,1): error C2057: 상수 식이 필요합니다.
C:\Program Files (x86)\Microsoft Visual Studio\2019\Community\VC\Tools\MSVC\14.24.28314\include\chrono(599,39): error C2641: 'std::chrono::duration'의 템플릿 인수를 추론할 수 없습니다.
C:\Program Files (x86)\Microsoft Visual Studio\2019\Community\VC\Tools\MSVC\14.24.28314\include\chrono(599,1): error C2783: 'std::chrono::duration<_Rep,_Period> std::chrono::duration(const _Rep2 &) noexcept(<expr>)': '_Rep'의 템플릿 인수를 추론할 수 없습니다.
C:\Program Files (x86)\Microsoft Visual Studio\2019\Community\VC\Tools\MSVC\14.24.28314\include\chrono(80): message : 'std::chrono::duration' 선언을 참조하십시오.
C:\Program Files (x86)\Microsoft Visual Studio\2019\Community\VC\Tools\MSVC\14.24.28314\include\chrono(599,1): error C2784: 'std::chrono::duration<_Rep,_Period> std::chrono::duration(const std::chrono::duration<_Rep2,_Period2> &) noexcept(<expr>)': 'const std::chrono::duration<_Rep2,_Period2> &'의 템플릿 인수를 '__int64'에서 추론할 수 없습니다.
C:\Program Files (x86)\Microsoft Visual Studio\2019\Community\VC\Tools\MSVC\14.24.28314\include\chrono(88): message : 'std::chrono::duration' 선언을 참조하십시오.
C:\Program Files (x86)\Microsoft Visual Studio\2019\Community\VC\Tools\MSVC\14.24.28314\include\chrono(599,1): error C2784: 'std::chrono::duration<_Rep,_Period> std::chrono::duration(const std::chrono::duration<_Rep2,_Period2> &) noexcept(<expr>)': 'const std::chrono::duration<_Rep2,_Period2> &'의 템플릿 인수를 '__int64'에서 추론할 수 없습니다.
C:\Program Files (x86)\Microsoft Visual Studio\2019\Community\VC\Tools\MSVC\14.24.28314\include\chrono(88): message : 'std::chrono::duration' 선언을 참조하십시오.
C:\Program Files (x86)\Microsoft Visual Studio\2019\Community\VC\Tools\MSVC\14.24.28314\include\chrono(599,1): error C2440: '<function-style-cast>': '__int64'에서 'std::chrono::system_clock::duration'(으)로 변환할 수 없습니다.
C:\Program Files (x86)\Microsoft Visual Studio\2019\Community\VC\Tools\MSVC\14.24.28314\include\chrono(599,1): message : 소스 형식을 가져올 수 있는 생성자가 없거나 생성자 오버로드 확인이 모호합니다.
C:\Program Files (x86)\Microsoft Visual Studio\2019\Community\VC\Tools\MSVC\14.24.28314\include\chrono(605,47): error C2061: 구문 오류: 식별자 'nano'
C:\Program Files (x86)\Microsoft Visual Studio\2019\Community\VC\Tools\MSVC\14.24.28314\include\chrono(613,1): error C2653: 'period': 클래스 또는 네임스페이스 이름이 아닙니다.
C:\Program Files (x86)\Microsoft Visual Studio\2019\Community\VC\Tools\MSVC\14.24.28314\include\chrono(613,35): error C2065: 'num': 선언되지 않은 식별자입니다.
C:\Program Files (x86)\Microsoft Visual Studio\2019\Community\VC\Tools\MSVC\14.24.28314\include\chrono(614,1): error C2653: 'period': 클래스 또는 네임스페이스 이름이 아닙니다.
C:\Program Files (x86)\Microsoft Visual Studio\2019\Community\VC\Tools\MSVC\14.24.28314\include\chrono(614,63): error C2065: 'den': 선언되지 않은 식별자입니다.
C:\Program Files (x86)\Microsoft Visual Studio\2019\Community\VC\Tools\MSVC\14.24.28314\include\chrono(614,36): error C2789: '_Whole': const 한정 형식의 개체를 초기화해야 합니다.
C:\Program Files (x86)\Microsoft Visual Studio\2019\Community\VC\Tools\MSVC\14.24.28314\include\chrono(614): message : '_Whole' 선언을 참조하십시오.
C:\Program Files (x86)\Microsoft Visual Studio\2019\Community\VC\Tools\MSVC\14.24.28314\include\chrono(615,1): error C2653: 'period': 클래스 또는 네임스페이스 이름이 아닙니다.
C:\Program Files (x86)\Microsoft Visual Studio\2019\Community\VC\Tools\MSVC\14.24.28314\include\chrono(615,63): error C2065: 'den': 선언되지 않은 식별자입니다.
C:\Program Files (x86)\Microsoft Visual Studio\2019\Community\VC\Tools\MSVC\14.24.28314\include\chrono(615,36): error C2789: '_Part': const 한정 형식의 개체를 초기화해야 합니다.
C:\Program Files (x86)\Microsoft Visual Studio\2019\Community\VC\Tools\MSVC\14.24.28314\include\chrono(615): message : '_Part' 선언을 참조하십시오.
C:\Program Files (x86)\Microsoft Visual Studio\2019\Community\VC\Tools\MSVC\14.24.28314\include\chrono(616,39): error C2641: 'std::chrono::duration'의 템플릿 인수를 추론할 수 없습니다.
C:\Program Files (x86)\Microsoft Visual Studio\2019\Community\VC\Tools\MSVC\14.24.28314\include\chrono(616,1): error C2783: 'std::chrono::duration<_Rep,_Period> std::chrono::duration(const _Rep2 &) noexcept(<expr>)': '_Rep'의 템플릿 인수를 추론할 수 없습니다.
C:\Program Files (x86)\Microsoft Visual Studio\2019\Community\VC\Tools\MSVC\14.24.28314\include\chrono(80): message : 'std::chrono::duration' 선언을 참조하십시오.
C:\Program Files (x86)\Microsoft Visual Studio\2019\Community\VC\Tools\MSVC\14.24.28314\include\chrono(616,1): error C2784: 'std::chrono::duration<_Rep,_Period> std::chrono::duration(const std::chrono::duration<_Rep2,_Period2> &) noexcept(<expr>)': 'const std::chrono::duration<_Rep2,_Period2> &'의 템플릿 인수를 '__int64'에서 추론할 수 없습니다.
C:\Program Files (x86)\Microsoft Visual Studio\2019\Community\VC\Tools\MSVC\14.24.28314\include\chrono(88): message : 'std::chrono::duration' 선언을 참조하십시오.
C:\Program Files (x86)\Microsoft Visual Studio\2019\Community\VC\Tools\MSVC\14.24.28314\include\chrono(616,1): error C2784: 'std::chrono::duration<_Rep,_Period> std::chrono::duration(const std::chrono::duration<_Rep2,_Period2> &) noexcept(<expr>)': 'const std::chrono::duration<_Rep2,_Period2> &'의 템플릿 인수를 '__int64'에서 추론할 수 없습니다.
C:\Program Files (x86)\Microsoft Visual Studio\2019\Community\VC\Tools\MSVC\14.24.28314\include\chrono(88): message : 'std::chrono::duration' 선언을 참조하십시오.
C:\Program Files (x86)\Microsoft Visual Studio\2019\Community\VC\Tools\MSVC\14.24.28314\include\chrono(616,1): error C2440: '<function-style-cast>': '__int64'에서 'std::chrono::steady_clock::duration'(으)로 변환할 수 없습니다.
C:\Program Files (x86)\Microsoft Visual Studio\2019\Community\VC\Tools\MSVC\14.24.28314\include\chrono(616,1): message : 소스 형식을 가져올 수 있는 생성자가 없거나 생성자 오버로드 확인이 모호합니다.
C:\Program Files (x86)\Microsoft Visual Studio\2019\Community\VC\Tools\MSVC\14.24.28314\include\chrono(631,58): error C2641: 'std::chrono::duration'의 템플릿 인수를 추론할 수 없습니다.
C:\Program Files (x86)\Microsoft Visual Studio\2019\Community\VC\Tools\MSVC\14.24.28314\include\chrono(646,1): error C2783: 'std::chrono::duration<_Rep,_Period> std::chrono::duration(const _Rep2 &) noexcept(<expr>)': '_Rep'의 템플릿 인수를 추론할 수 없습니다.
C:\Program Files (x86)\Microsoft Visual Studio\2019\Community\VC\Tools\MSVC\14.24.28314\include\chrono(80): message : 'std::chrono::duration' 선언을 참조하십시오.
C:\Program Files (x86)\Microsoft Visual Studio\2019\Community\VC\Tools\MSVC\14.24.28314\include\chrono(646,1): error C2784: 'std::chrono::duration<_Rep,_Period> std::chrono::duration(const std::chrono::duration<_Rep2,_Period2> &) noexcept(<expr>)': 'const std::chrono::duration<_Rep2,_Period2> &'의 템플릿 인수를 'int'에서 추론할 수 없습니다.
C:\Program Files (x86)\Microsoft Visual Studio\2019\Community\VC\Tools\MSVC\14.24.28314\include\chrono(88): message : 'std::chrono::duration' 선언을 참조하십시오.
C:\Program Files (x86)\Microsoft Visual Studio\2019\Community\VC\Tools\MSVC\14.24.28314\include\chrono(646,1): error C2784: 'std::chrono::duration<_Rep,_Period> std::chrono::duration(const std::chrono::duration<_Rep2,_Period2> &) noexcept(<expr>)': 'const std::chrono::duration<_Rep2,_Period2> &'의 템플릿 인수를 'int'에서 추론할 수 없습니다.
C:\Program Files (x86)\Microsoft Visual Studio\2019\Community\VC\Tools\MSVC\14.24.28314\include\chrono(88): message : 'std::chrono::duration' 선언을 참조하십시오.
C:\Program Files (x86)\Microsoft Visual Studio\2019\Community\VC\Tools\MSVC\14.24.28314\include\chrono(631,58): error C2440: '<function-style-cast>': 'initializer list'에서 'std::chrono::hours'(으)로 변환할 수 없습니다.
C:\Program Files (x86)\Microsoft Visual Studio\2019\Community\VC\Tools\MSVC\14.24.28314\include\chrono(646,1): message : 소스 형식을 가져올 수 있는 생성자가 없거나 생성자 오버로드 확인이 모호합니다.
C:\Program Files (x86)\Microsoft Visual Studio\2019\Community\VC\Tools\MSVC\14.24.28314\include\chrono(651,110): error C2955: 'std::chrono::duration': 클래스 템플릿을(를) 사용하려면 템플릿 인수 목록이 필요합니다.
C:\Program Files (x86)\Microsoft Visual Studio\2019\Community\VC\Tools\MSVC\14.24.28314\include\chrono(66): message : 'std::chrono::duration' 선언을 참조하십시오.
C:\Program Files (x86)\Microsoft Visual Studio\2019\Community\VC\Tools\MSVC\14.24.28314\include\chrono(651,110): error C2079: 'std::literals::chrono_literals::operator ""h'은(는) 정의되지 않은 class 'std::chrono::duration'을(를) 사용합니다.
C:\Program Files (x86)\Microsoft Visual Studio\2019\Community\VC\Tools\MSVC\14.24.28314\include\chrono(652,33): error C2641: 'std::chrono::duration'의 템플릿 인수를 추론할 수 없습니다.
C:\Program Files (x86)\Microsoft Visual Studio\2019\Community\VC\Tools\MSVC\14.24.28314\include\chrono(652,38): error C2783: 'std::chrono::duration<_Rep,_Period> std::chrono::duration(const _Rep2 &) noexcept(<expr>)': '_Rep'의 템플릿 인수를 추론할 수 없습니다.
C:\Program Files (x86)\Microsoft Visual Studio\2019\Community\VC\Tools\MSVC\14.24.28314\include\chrono(80): message : 'std::chrono::duration' 선언을 참조하십시오.
C:\Program Files (x86)\Microsoft Visual Studio\2019\Community\VC\Tools\MSVC\14.24.28314\include\chrono(652,38): error C2784: 'std::chrono::duration<_Rep,_Period> std::chrono::duration(const std::chrono::duration<_Rep2,_Period2> &) noexcept(<expr>)': 'const std::chrono::duration<_Rep2,_Period2> &'의 템플릿 인수를 'unsigned __int64'에서 추론할 수 없습니다.
C:\Program Files (x86)\Microsoft Visual Studio\2019\Community\VC\Tools\MSVC\14.24.28314\include\chrono(88): message : 'std::chrono::duration' 선언을 참조하십시오.
C:\Program Files (x86)\Microsoft Visual Studio\2019\Community\VC\Tools\MSVC\14.24.28314\include\chrono(652,38): error C2784: 'std::chrono::duration<_Rep,_Period> std::chrono::duration(const std::chrono::duration<_Rep2,_Period2> &) noexcept(<expr>)': 'const std::chrono::duration<_Rep2,_Period2> &'의 템플릿 인수를 'unsigned __int64'에서 추론할 수 없습니다.
C:\Program Files (x86)\Microsoft Visual Studio\2019\Community\VC\Tools\MSVC\14.24.28314\include\chrono(88): message : 'std::chrono::duration' 선언을 참조하십시오.
C:\Program Files (x86)\Microsoft Visual Studio\2019\Community\VC\Tools\MSVC\14.24.28314\include\chrono(652,38): error C2440: '<function-style-cast>': 'unsigned __int64'에서 'std::chrono::hours'(으)로 변환할 수 없습니다.
C:\Program Files (x86)\Microsoft Visual Studio\2019\Community\VC\Tools\MSVC\14.24.28314\include\chrono(652,38): message : 소스 형식을 가져올 수 있는 생성자가 없거나 생성자 오버로드 확인이 모호합니다.
C:\Program Files (x86)\Microsoft Visual Studio\2019\Community\VC\Tools\MSVC\14.24.28314\include\chrono(651,44): error C3615: constexpr 함수 'std::literals::chrono_literals::operator ""h'의 결과가 상수 식이면 안 됩니다.
C:\Program Files (x86)\Microsoft Visual Studio\2019\Community\VC\Tools\MSVC\14.24.28314\include\chrono(653): message : 컨트롤이 constexpr 함수의 끝에 도달하여 오류가 발생했습니다.
C:\Program Files (x86)\Microsoft Visual Studio\2019\Community\VC\Tools\MSVC\14.24.28314\include\chrono(655,55): error C2065: 'ratio': 선언되지 않은 식별자입니다.
C:\Program Files (x86)\Microsoft Visual Studio\2019\Community\VC\Tools\MSVC\14.24.28314\include\chrono(655,38): error C2974: 'std::chrono::duration': '_Period'의 템플릿 인수가 잘못되었습니다. 형식이 필요합니다.
C:\Program Files (x86)\Microsoft Visual Studio\2019\Community\VC\Tools\MSVC\14.24.28314\include\chrono(66): message : 'std::chrono::duration' 선언을 참조하십시오.
C:\Program Files (x86)\Microsoft Visual Studio\2019\Community\VC\Tools\MSVC\14.24.28314\include\chrono(655,65): error C2059: 구문 오류: '>'
C:\Program Files (x86)\Microsoft Visual Studio\2019\Community\VC\Tools\MSVC\14.24.28314\include\chrono(656,59): error C2143: 구문 오류: ';'이(가) '{' 앞에 없습니다.
C:\Program Files (x86)\Microsoft Visual Studio\2019\Community\VC\Tools\MSVC\14.24.28314\include\chrono(656,59): error C2447: '{': 함수 헤더가 없습니다. 이전 스타일의 형식 목록입니까?
C:\Program Files (x86)\Microsoft Visual Studio\2019\Community\VC\Tools\MSVC\14.24.28314\include\chrono(660,115): error C2955: 'std::chrono::duration': 클래스 템플릿을(를) 사용하려면 템플릿 인수 목록이 필요합니다.
C:\Program Files (x86)\Microsoft Visual Studio\2019\Community\VC\Tools\MSVC\14.24.28314\include\chrono(66): message : 'std::chrono::duration' 선언을 참조하십시오.
C:\Program Files (x86)\Microsoft Visual Studio\2019\Community\VC\Tools\MSVC\14.24.28314\include\chrono(660,115): error C2079: 'std::literals::chrono_literals::operator ""min'은(는) 정의되지 않은 class 'std::chrono::duration'을(를) 사용합니다.
C:\Program Files (x86)\Microsoft Visual Studio\2019\Community\VC\Tools\MSVC\14.24.28314\include\chrono(661,35): error C2641: 'std::chrono::duration'의 템플릿 인수를 추론할 수 없습니다.
C:\Program Files (x86)\Microsoft Visual Studio\2019\Community\VC\Tools\MSVC\14.24.28314\include\chrono(661,40): error C2783: 'std::chrono::duration<_Rep,_Period> std::chrono::duration(const _Rep2 &) noexcept(<expr>)': '_Rep'의 템플릿 인수를 추론할 수 없습니다.
C:\Program Files (x86)\Microsoft Visual Studio\2019\Community\VC\Tools\MSVC\14.24.28314\include\chrono(80): message : 'std::chrono::duration' 선언을 참조하십시오.
C:\Program Files (x86)\Microsoft Visual Studio\2019\Community\VC\Tools\MSVC\14.24.28314\include\chrono(661,40): error C2784: 'std::chrono::duration<_Rep,_Period> std::chrono::duration(const std::chrono::duration<_Rep2,_Period2> &) noexcept(<expr>)': 'const std::chrono::duration<_Rep2,_Period2> &'의 템플릿 인수를 'unsigned __int64'에서 추론할 수 없습니다.
C:\Program Files (x86)\Microsoft Visual Studio\2019\Community\VC\Tools\MSVC\14.24.28314\include\chrono(88): message : 'std::chrono::duration' 선언을 참조하십시오.
C:\Program Files (x86)\Microsoft Visual Studio\2019\Community\VC\Tools\MSVC\14.24.28314\include\chrono(661,40): fatal error C1003: 오류 수가 100개를 초과했습니다. 컴파일을 중지합니다.
  InputConverter.cpp
  코드를 생성하고 있습니다...
